[0m17:53:55.185842 [debug] [MainThread]: Sending event: {'category': 'dbt', 'action': 'invocation', 'label': 'start', 'context': [<snowplow_tracker.self_describing_json.SelfDescribingJson object at 0x0000015EEBCA70E0>, <snowplow_tracker.self_describing_json.SelfDescribingJson object at 0x0000015EEAFE2DB0>, <snowplow_tracker.self_describing_json.SelfDescribingJson object at 0x0000015EE944B740>]}


============================== 17:53:55.222782 | 0ebbd63e-295e-4d0c-b7c4-54ac8a3e691d ==============================
[0m17:53:55.222782 [info ] [MainThread]: Running with dbt=1.9.3
[0m17:53:55.223449 [debug] [MainThread]: running dbt with arguments {'printer_width': '80', 'indirect_selection': 'eager', 'write_json': 'True', 'log_cache_events': 'False', 'partial_parse': 'True', 'cache_selected_only': 'False', 'profiles_dir': 'C:\\Users\\konst\\.dbt', 'version_check': 'True', 'fail_fast': 'False', 'log_path': 'logs', 'debug': 'False', 'warn_error': 'None', 'use_colors': 'True', 'use_experimental_parser': 'False', 'no_print': 'None', 'quiet': 'False', 'empty': 'None', 'warn_error_options': 'WarnErrorOptions(include=[], exclude=[])', 'static_parser': 'True', 'introspect': 'True', 'invocation_command': 'dbt debug', 'target_path': 'None', 'log_format': 'default', 'send_anonymous_usage_stats': 'True'}
[0m17:53:55.237533 [info ] [MainThread]: dbt version: 1.9.3
[0m17:53:55.238656 [info ] [MainThread]: python version: 3.12.6
[0m17:53:55.238656 [info ] [MainThread]: python path: D:\OneDrive - Milonas\4-Git-GitHub\Repositories\SQL-Data-Warehouse\sqlvenv\Scripts\python.exe
[0m17:53:55.239810 [info ] [MainThread]: os info: Windows-11-10.0.26100-SP0
[0m17:53:55.243134 [info ] [MainThread]: Error importing adapter: No module named 'dbt.adapters.snowflake'
[0m17:53:55.243134 [info ] [MainThread]: Using profiles dir at C:\Users\konst\.dbt
[0m17:53:55.244034 [info ] [MainThread]: Using profiles.yml file at C:\Users\konst\.dbt\profiles.yml
[0m17:53:55.244034 [info ] [MainThread]: Using dbt_project.yml file at D:\OneDrive - Milonas\4-Git-GitHub\Repositories\SQL-Data-Warehouse\dbt_project.yml
[0m17:53:55.245086 [info ] [MainThread]: Configuration:
[0m17:53:55.245086 [info ] [MainThread]:   profiles.yml file [[31mERROR invalid[0m]
[0m17:53:55.246034 [info ] [MainThread]:   dbt_project.yml file [[31mERROR not found[0m]
[0m17:53:55.246034 [info ] [MainThread]: Required dependencies:
[0m17:53:55.246034 [debug] [MainThread]: Executing "git --help"
[0m17:53:55.284555 [debug] [MainThread]: STDOUT: "b"usage: git [-v | --version] [-h | --help] [-C <path>] [-c <name>=<value>]\n           [--exec-path[=<path>]] [--html-path] [--man-path] [--info-path]\n           [-p | --paginate | -P | --no-pager] [--no-replace-objects] [--no-lazy-fetch]\n           [--no-optional-locks] [--no-advice] [--bare] [--git-dir=<path>]\n           [--work-tree=<path>] [--namespace=<name>] [--config-env=<name>=<envvar>]\n           <command> [<args>]\n\nThese are common Git commands used in various situations:\n\nstart a working area (see also: git help tutorial)\n   clone      Clone a repository into a new directory\n   init       Create an empty Git repository or reinitialize an existing one\n\nwork on the current change (see also: git help everyday)\n   add        Add file contents to the index\n   mv         Move or rename a file, a directory, or a symlink\n   restore    Restore working tree files\n   rm         Remove files from the working tree and from the index\n\nexamine the history and state (see also: git help revisions)\n   bisect     Use binary search to find the commit that introduced a bug\n   diff       Show changes between commits, commit and working tree, etc\n   grep       Print lines matching a pattern\n   log        Show commit logs\n   show       Show various types of objects\n   status     Show the working tree status\n\ngrow, mark and tweak your common history\n   backfill   Download missing objects in a partial clone\n   branch     List, create, or delete branches\n   commit     Record changes to the repository\n   merge      Join two or more development histories together\n   rebase     Reapply commits on top of another base tip\n   reset      Reset current HEAD to the specified state\n   switch     Switch branches\n   tag        Create, list, delete or verify a tag object signed with GPG\n\ncollaborate (see also: git help workflows)\n   fetch      Download objects and refs from another repository\n   pull       Fetch from and integrate with another repository or a local branch\n   push       Update remote refs along with associated objects\n\n'git help -a' and 'git help -g' list available subcommands and some\nconcept guides. See 'git help <command>' or 'git help <concept>'\nto read about a specific subcommand or concept.\nSee 'git help git' for an overview of the system.\n""
[0m17:53:55.284555 [debug] [MainThread]: STDERR: "b''"
[0m17:53:55.285563 [info ] [MainThread]:  - git [[32mOK found[0m]

[0m17:53:55.285563 [info ] [MainThread]: Connection test skipped since no profile was found
[0m17:53:55.286556 [info ] [MainThread]: [31m2 checks failed:[0m
[0m17:53:55.286556 [info ] [MainThread]: Could not load dbt_project.yml
Profile loading failed for the following reason:
Runtime Error
  Credentials in profile "analytics_project", target "snowflake" invalid: Runtime Error
    Could not find adapter type snowflake!


[0m17:53:55.286556 [info ] [MainThread]: Project loading failed for the following reason:
 project path <D:\OneDrive - Milonas\4-Git-GitHub\Repositories\SQL-Data-Warehouse\dbt_project.yml> not found

[0m17:53:55.288085 [debug] [MainThread]: Command `dbt debug` failed at 17:53:55.287564 after 0.29 seconds
[0m17:53:55.288085 [debug] [MainThread]: Sending event: {'category': 'dbt', 'action': 'invocation', 'label': 'end', 'context': [<snowplow_tracker.self_describing_json.SelfDescribingJson object at 0x0000015EEBE364B0>, <snowplow_tracker.self_describing_json.SelfDescribingJson object at 0x0000015EEBE7FCE0>, <snowplow_tracker.self_describing_json.SelfDescribingJson object at 0x0000015EEBE7D6A0>]}
[0m17:53:55.288085 [debug] [MainThread]: Flushing usage events
[0m17:53:55.747402 [debug] [MainThread]: An error was encountered while trying to flush usage events
[0m17:55:12.320983 [debug] [MainThread]: Sending event: {'category': 'dbt', 'action': 'invocation', 'label': 'start', 'context': [<snowplow_tracker.self_describing_json.SelfDescribingJson object at 0x00000283EF5CF3B0>, <snowplow_tracker.self_describing_json.SelfDescribingJson object at 0x00000283EF06DBB0>, <snowplow_tracker.self_describing_json.SelfDescribingJson object at 0x00000283ED315940>]}


============================== 17:55:12.344624 | 8ec5b146-5c55-4590-8d26-226b715b8d3a ==============================
[0m17:55:12.344624 [info ] [MainThread]: Running with dbt=1.9.3
[0m17:55:12.345624 [debug] [MainThread]: running dbt with arguments {'printer_width': '80', 'indirect_selection': 'eager', 'log_cache_events': 'False', 'write_json': 'True', 'partial_parse': 'True', 'cache_selected_only': 'False', 'profiles_dir': 'C:\\Users\\konst\\.dbt', 'fail_fast': 'False', 'version_check': 'True', 'log_path': 'logs', 'debug': 'False', 'warn_error': 'None', 'use_colors': 'True', 'use_experimental_parser': 'False', 'empty': 'None', 'quiet': 'False', 'no_print': 'None', 'warn_error_options': 'WarnErrorOptions(include=[], exclude=[])', 'static_parser': 'True', 'log_format': 'default', 'introspect': 'True', 'target_path': 'None', 'invocation_command': 'dbt debug --target prod', 'send_anonymous_usage_stats': 'True'}
[0m17:55:12.357446 [info ] [MainThread]: dbt version: 1.9.3
[0m17:55:12.358447 [info ] [MainThread]: python version: 3.12.6
[0m17:55:12.358447 [info ] [MainThread]: python path: D:\OneDrive - Milonas\4-Git-GitHub\Repositories\SQL-Data-Warehouse\sqlvenv\Scripts\python.exe
[0m17:55:12.358447 [info ] [MainThread]: os info: Windows-11-10.0.26100-SP0
[0m17:55:12.360446 [info ] [MainThread]: Using profiles dir at C:\Users\konst\.dbt
[0m17:55:12.360446 [info ] [MainThread]: Using profiles.yml file at C:\Users\konst\.dbt\profiles.yml
[0m17:55:12.361454 [info ] [MainThread]: Using dbt_project.yml file at D:\OneDrive - Milonas\4-Git-GitHub\Repositories\SQL-Data-Warehouse\dbt_project.yml
[0m17:55:12.361454 [info ] [MainThread]: Configuration:
[0m17:55:12.361454 [info ] [MainThread]:   profiles.yml file [[31mERROR invalid[0m]
[0m17:55:12.362446 [info ] [MainThread]:   dbt_project.yml file [[31mERROR not found[0m]
[0m17:55:12.362446 [info ] [MainThread]: Required dependencies:
[0m17:55:12.362446 [debug] [MainThread]: Executing "git --help"
[0m17:55:12.397393 [debug] [MainThread]: STDOUT: "b"usage: git [-v | --version] [-h | --help] [-C <path>] [-c <name>=<value>]\n           [--exec-path[=<path>]] [--html-path] [--man-path] [--info-path]\n           [-p | --paginate | -P | --no-pager] [--no-replace-objects] [--no-lazy-fetch]\n           [--no-optional-locks] [--no-advice] [--bare] [--git-dir=<path>]\n           [--work-tree=<path>] [--namespace=<name>] [--config-env=<name>=<envvar>]\n           <command> [<args>]\n\nThese are common Git commands used in various situations:\n\nstart a working area (see also: git help tutorial)\n   clone      Clone a repository into a new directory\n   init       Create an empty Git repository or reinitialize an existing one\n\nwork on the current change (see also: git help everyday)\n   add        Add file contents to the index\n   mv         Move or rename a file, a directory, or a symlink\n   restore    Restore working tree files\n   rm         Remove files from the working tree and from the index\n\nexamine the history and state (see also: git help revisions)\n   bisect     Use binary search to find the commit that introduced a bug\n   diff       Show changes between commits, commit and working tree, etc\n   grep       Print lines matching a pattern\n   log        Show commit logs\n   show       Show various types of objects\n   status     Show the working tree status\n\ngrow, mark and tweak your common history\n   backfill   Download missing objects in a partial clone\n   branch     List, create, or delete branches\n   commit     Record changes to the repository\n   merge      Join two or more development histories together\n   rebase     Reapply commits on top of another base tip\n   reset      Reset current HEAD to the specified state\n   switch     Switch branches\n   tag        Create, list, delete or verify a tag object signed with GPG\n\ncollaborate (see also: git help workflows)\n   fetch      Download objects and refs from another repository\n   pull       Fetch from and integrate with another repository or a local branch\n   push       Update remote refs along with associated objects\n\n'git help -a' and 'git help -g' list available subcommands and some\nconcept guides. See 'git help <command>' or 'git help <concept>'\nto read about a specific subcommand or concept.\nSee 'git help git' for an overview of the system.\n""
[0m17:55:12.397906 [debug] [MainThread]: STDERR: "b''"
[0m17:55:12.397906 [info ] [MainThread]:  - git [[32mOK found[0m]

[0m17:55:12.399088 [info ] [MainThread]: Connection test skipped since no profile was found
[0m17:55:12.399088 [info ] [MainThread]: [31m2 checks failed:[0m
[0m17:55:12.399622 [info ] [MainThread]: Could not load dbt_project.yml
Profile loading failed for the following reason:
Runtime Error
  The profile 'analytics_project' does not have a target named 'prod'. The valid target names for this profile are:
   - dev
   - snowflake
   - azure_synapse


[0m17:55:12.399622 [info ] [MainThread]: Project loading failed for the following reason:
 project path <D:\OneDrive - Milonas\4-Git-GitHub\Repositories\SQL-Data-Warehouse\dbt_project.yml> not found

[0m17:55:12.400689 [debug] [MainThread]: Command `dbt debug` failed at 17:55:12.400156 after 0.27 seconds
[0m17:55:12.400689 [debug] [MainThread]: Sending event: {'category': 'dbt', 'action': 'invocation', 'label': 'end', 'context': [<snowplow_tracker.self_describing_json.SelfDescribingJson object at 0x00000283ECF23F20>, <snowplow_tracker.self_describing_json.SelfDescribingJson object at 0x00000283EF2C6AB0>, <snowplow_tracker.self_describing_json.SelfDescribingJson object at 0x00000283EF2C7DD0>]}
[0m17:55:12.400689 [debug] [MainThread]: Flushing usage events
[0m17:55:12.845679 [debug] [MainThread]: An error was encountered while trying to flush usage events
[0m18:52:02.132551 [debug] [MainThread]: Sending event: {'category': 'dbt', 'action': 'invocation', 'label': 'start', 'context': [<snowplow_tracker.self_describing_json.SelfDescribingJson object at 0x000001E78AA0D7C0>, <snowplow_tracker.self_describing_json.SelfDescribingJson object at 0x000001E78D06E930>, <snowplow_tracker.self_describing_json.SelfDescribingJson object at 0x000001E789FCD310>]}


============================== 18:52:02.156246 | bd479a75-5c94-49a5-93fe-addef23040e1 ==============================
[0m18:52:02.156246 [info ] [MainThread]: Running with dbt=1.9.3
[0m18:52:02.157206 [debug] [MainThread]: running dbt with arguments {'printer_width': '80', 'indirect_selection': 'eager', 'log_cache_events': 'False', 'write_json': 'True', 'partial_parse': 'True', 'cache_selected_only': 'False', 'warn_error': 'None', 'version_check': 'True', 'fail_fast': 'False', 'log_path': 'logs', 'debug': 'False', 'profiles_dir': 'C:\\Users\\konst\\.dbt', 'use_colors': 'True', 'use_experimental_parser': 'False', 'empty': 'None', 'quiet': 'False', 'no_print': 'None', 'warn_error_options': 'WarnErrorOptions(include=[], exclude=[])', 'introspect': 'True', 'log_format': 'default', 'invocation_command': 'dbt debug', 'target_path': 'None', 'static_parser': 'True', 'send_anonymous_usage_stats': 'True'}
[0m18:52:02.171125 [info ] [MainThread]: dbt version: 1.9.3
[0m18:52:02.171125 [info ] [MainThread]: python version: 3.12.6
[0m18:52:02.172125 [info ] [MainThread]: python path: D:\OneDrive - Milonas\4-Git-GitHub\Repositories\SQL-Data-Warehouse\sqlvenv\Scripts\python.exe
[0m18:52:02.172125 [info ] [MainThread]: os info: Windows-11-10.0.26100-SP0
[0m18:52:02.255259 [debug] [MainThread]: Traceback (most recent call last):
  File "D:\OneDrive - Milonas\4-Git-GitHub\Repositories\SQL-Data-Warehouse\sqlvenv\Lib\site-packages\dbt\adapters\factory.py", line 68, in load_plugin
    mod: Any = import_module("." + name, "dbt.adapters")
               ^^^^^^^^^^^^^^^^^^^^^^^^^^^^^^^^^^^^^^^^^
  File "C:\Python312\Lib\importlib\__init__.py", line 90, in import_module
    return _bootstrap._gcd_import(name[level:], package, level)
           ^^^^^^^^^^^^^^^^^^^^^^^^^^^^^^^^^^^^^^^^^^^^^^^^^^^^
  File "<frozen importlib._bootstrap>", line 1387, in _gcd_import
  File "<frozen importlib._bootstrap>", line 1360, in _find_and_load
  File "<frozen importlib._bootstrap>", line 1331, in _find_and_load_unlocked
  File "<frozen importlib._bootstrap>", line 935, in _load_unlocked
  File "<frozen importlib._bootstrap_external>", line 995, in exec_module
  File "<frozen importlib._bootstrap>", line 488, in _call_with_frames_removed
  File "D:\OneDrive - Milonas\4-Git-GitHub\Repositories\SQL-Data-Warehouse\sqlvenv\Lib\site-packages\dbt\adapters\mssql\__init__.py", line 1, in <module>
    from dbt.adapters.mssql.connections import MSSQLConnectionManager
  File "D:\OneDrive - Milonas\4-Git-GitHub\Repositories\SQL-Data-Warehouse\sqlvenv\Lib\site-packages\dbt\adapters\mssql\connections.py", line 6, in <module>
    import dbt.compat
ModuleNotFoundError: No module named 'dbt.compat'

[0m18:52:02.255259 [error] [MainThread]: Encountered an error:
No module named 'dbt.compat'
[0m18:52:02.256504 [error] [MainThread]: Traceback (most recent call last):
  File "D:\OneDrive - Milonas\4-Git-GitHub\Repositories\SQL-Data-Warehouse\sqlvenv\Lib\site-packages\dbt\cli\requires.py", line 153, in wrapper
    result, success = func(*args, **kwargs)
                      ^^^^^^^^^^^^^^^^^^^^^
  File "D:\OneDrive - Milonas\4-Git-GitHub\Repositories\SQL-Data-Warehouse\sqlvenv\Lib\site-packages\dbt\cli\requires.py", line 103, in wrapper
    return func(*args, **kwargs)
           ^^^^^^^^^^^^^^^^^^^^^
  File "D:\OneDrive - Milonas\4-Git-GitHub\Repositories\SQL-Data-Warehouse\sqlvenv\Lib\site-packages\dbt\cli\main.py", line 414, in debug
    results = task.run()
              ^^^^^^^^^^
  File "D:\OneDrive - Milonas\4-Git-GitHub\Repositories\SQL-Data-Warehouse\sqlvenv\Lib\site-packages\dbt\task\debug.py", line 114, in run
    load_profile_status: SubtaskStatus = self._load_profile()
                                         ^^^^^^^^^^^^^^^^^^^^
  File "D:\OneDrive - Milonas\4-Git-GitHub\Repositories\SQL-Data-Warehouse\sqlvenv\Lib\site-packages\dbt\task\debug.py", line 205, in _load_profile
    profile: Profile = Profile.render(
                       ^^^^^^^^^^^^^^^
  File "D:\OneDrive - Milonas\4-Git-GitHub\Repositories\SQL-Data-Warehouse\sqlvenv\Lib\site-packages\dbt\config\profile.py", line 402, in render
    return cls.from_raw_profiles(
           ^^^^^^^^^^^^^^^^^^^^^^
  File "D:\OneDrive - Milonas\4-Git-GitHub\Repositories\SQL-Data-Warehouse\sqlvenv\Lib\site-packages\dbt\config\profile.py", line 368, in from_raw_profiles
    return cls.from_raw_profile_info(
           ^^^^^^^^^^^^^^^^^^^^^^^^^^
  File "D:\OneDrive - Milonas\4-Git-GitHub\Repositories\SQL-Data-Warehouse\sqlvenv\Lib\site-packages\dbt\config\profile.py", line 324, in from_raw_profile_info
    credentials: Credentials = cls._credentials_from_profile(
                               ^^^^^^^^^^^^^^^^^^^^^^^^^^^^^^
  File "D:\OneDrive - Milonas\4-Git-GitHub\Repositories\SQL-Data-Warehouse\sqlvenv\Lib\site-packages\dbt\config\profile.py", line 148, in _credentials_from_profile
    cls = load_plugin(typename)
          ^^^^^^^^^^^^^^^^^^^^^
  File "D:\OneDrive - Milonas\4-Git-GitHub\Repositories\SQL-Data-Warehouse\sqlvenv\Lib\site-packages\dbt\adapters\factory.py", line 239, in load_plugin
    return FACTORY.load_plugin(name)
           ^^^^^^^^^^^^^^^^^^^^^^^^^
  File "D:\OneDrive - Milonas\4-Git-GitHub\Repositories\SQL-Data-Warehouse\sqlvenv\Lib\site-packages\dbt\adapters\factory.py", line 68, in load_plugin
    mod: Any = import_module("." + name, "dbt.adapters")
               ^^^^^^^^^^^^^^^^^^^^^^^^^^^^^^^^^^^^^^^^^
  File "C:\Python312\Lib\importlib\__init__.py", line 90, in import_module
    return _bootstrap._gcd_import(name[level:], package, level)
           ^^^^^^^^^^^^^^^^^^^^^^^^^^^^^^^^^^^^^^^^^^^^^^^^^^^^
  File "<frozen importlib._bootstrap>", line 1387, in _gcd_import
  File "<frozen importlib._bootstrap>", line 1360, in _find_and_load
  File "<frozen importlib._bootstrap>", line 1331, in _find_and_load_unlocked
  File "<frozen importlib._bootstrap>", line 935, in _load_unlocked
  File "<frozen importlib._bootstrap_external>", line 995, in exec_module
  File "<frozen importlib._bootstrap>", line 488, in _call_with_frames_removed
  File "D:\OneDrive - Milonas\4-Git-GitHub\Repositories\SQL-Data-Warehouse\sqlvenv\Lib\site-packages\dbt\adapters\mssql\__init__.py", line 1, in <module>
    from dbt.adapters.mssql.connections import MSSQLConnectionManager
  File "D:\OneDrive - Milonas\4-Git-GitHub\Repositories\SQL-Data-Warehouse\sqlvenv\Lib\site-packages\dbt\adapters\mssql\connections.py", line 6, in <module>
    import dbt.compat
ModuleNotFoundError: No module named 'dbt.compat'

[0m18:52:02.257514 [debug] [MainThread]: Command `dbt debug` failed at 18:52:02.257514 after 0.34 seconds
[0m18:52:02.258513 [debug] [MainThread]: Sending event: {'category': 'dbt', 'action': 'invocation', 'label': 'end', 'context': [<snowplow_tracker.self_describing_json.SelfDescribingJson object at 0x000001E78D2C7D10>, <snowplow_tracker.self_describing_json.SelfDescribingJson object at 0x000001E78C7311C0>, <snowplow_tracker.self_describing_json.SelfDescribingJson object at 0x000001E78D09AE40>]}
[0m18:52:02.258513 [debug] [MainThread]: Flushing usage events
[0m18:52:02.706234 [debug] [MainThread]: An error was encountered while trying to flush usage events
